<?xml version="1.0" encoding="UTF-8"?>
<!-- Generated by org.testng.reporters.JUnitXMLReporter -->
<testsuite hostname="RACD-002157" name="Default test" tests="1" failures="0" timestamp="7 Jun 2019 06:39:07 GMT" time="0.025" errors="0">
  <testcase name="@BeforeTest OpenBrowser" time="0.0" classname="TestClass.FlightTicketsSearch">
    <failure type="org.testng.TestNGException" message="
Parameter &amp;apos;browser&amp;apos; is required by @Configuration on method OpenBrowser but has not been marked @Optional or defined
in C:\Users\dheeraj.singh\AppData\Local\Temp\testng-eclipse-772860747\testng-customsuite.xml">
      <![CDATA[org.testng.TestNGException: 
Parameter 'browser' is required by @Configuration on method OpenBrowser but has not been marked @Optional or defined
in C:\Users\dheeraj.singh\AppData\Local\Temp\testng-eclipse-772860747\testng-customsuite.xml
	at org.testng.internal.Parameters.createParameters(Parameters.java:155)
	at org.testng.internal.Parameters.createParameters(Parameters.java:355)
	at org.testng.internal.Parameters.createConfigurationParameters(Parameters.java:86)
	at org.testng.internal.Invoker.invokeConfigurations(Invoker.java:199)
	at org.testng.internal.Invoker.invokeConfigurations(Invoker.java:138)
	at org.testng.TestRunner.beforeRun(TestRunner.java:641)
	at org.testng.TestRunner.run(TestRunner.java:609)
	at org.testng.SuiteRunner.runTest(SuiteRunner.java:334)
	at org.testng.SuiteRunner.runSequentially(SuiteRunner.java:329)
	at org.testng.SuiteRunner.privateRun(SuiteRunner.java:291)
	at org.testng.SuiteRunner.run(SuiteRunner.java:240)
	at org.testng.SuiteRunnerWorker.runSuite(SuiteRunnerWorker.java:52)
	at org.testng.SuiteRunnerWorker.run(SuiteRunnerWorker.java:86)
	at org.testng.TestNG.runSuitesSequentially(TestNG.java:1198)
	at org.testng.TestNG.runSuitesLocally(TestNG.java:1123)
	at org.testng.TestNG.run(TestNG.java:1031)
	at org.testng.remote.AbstractRemoteTestNG.run(AbstractRemoteTestNG.java:115)
	at org.testng.remote.RemoteTestNG.initAndRun(RemoteTestNG.java:251)
	at org.testng.remote.RemoteTestNG.main(RemoteTestNG.java:77)
]]>
    </failure>
  </testcase> <!-- @BeforeTest OpenBrowser -->
  <testcase name="@BeforeMethod CreateReport" time="0.0" classname="TestClass.FlightTicketsSearch">
    <skipped/>
  </testcase> <!-- @BeforeMethod CreateReport -->
  <testcase name="@AfterMethod GetReportResult" time="0.0" classname="TestClass.FlightTicketsSearch">
    <skipped/>
  </testcase> <!-- @AfterMethod GetReportResult -->
  <testcase name="@AfterTest TearDownApplication" time="0.0" classname="TestClass.FlightTicketsSearch">
    <skipped/>
  </testcase> <!-- @AfterTest TearDownApplication -->
  <testcase name="SearchTickets" time="0.001" classname="TestClass.FlightTicketsSearch">
    <skipped/>
  </testcase> <!-- SearchTickets -->
</testsuite> <!-- Default test -->
