<?xml version="1.0" encoding="UTF-8"?>
<!-- Generated by org.testng.reporters.JUnitXMLReporter -->
<testsuite hostname="RACD-002157" name="Cross browser test for FlightTicketsSearch" tests="2" failures="1" timestamp="8 Jul 2019 07:12:58 GMT" time="177.757" errors="0">
  <testcase name="SearchTickets" time="140.811" classname="TestClass.CrossBrowserTest_FlightTicketsSearch"/>
  <testcase name="VerifySignUpLinkTest" time="0.005" classname="TestClass.CrossBrowserTest_FlightTicketsSearch">
    <failure type="java.lang.AssertionError" message="failed due to sign up link button vissiblity expected [true] but found [false]">
      <![CDATA[java.lang.AssertionError: failed due to sign up link button vissiblity expected [true] but found [false]
	at TestClass.CrossBrowserTest_FlightTicketsSearch.VerifySignUpLinkTest(CrossBrowserTest_FlightTicketsSearch.java:72)
	at java.util.concurrent.ThreadPoolExecutor.runWorker(ThreadPoolExecutor.java:1149)
	at java.util.concurrent.ThreadPoolExecutor$Worker.run(ThreadPoolExecutor.java:624)
	at java.lang.Thread.run(Thread.java:748)
... Removed 13 stack frames]]>
    </failure>
  </testcase> <!-- VerifySignUpLinkTest -->
</testsuite> <!-- Cross browser test for FlightTicketsSearch -->
