<?xml version="1.0" encoding="UTF-8"?>
<!-- Generated by org.testng.reporters.JUnitXMLReporter -->
<testsuite hostname="RACD-002157" name="Command line test" tests="1" failures="0" timestamp="12 Jun 2019 10:24:55 GMT" time="0.047" errors="0">
  <testcase name="@BeforeTest OpenBrowser" time="0.0" classname="TestClass.HeadLessBrowser_FlightTicketsSearch">
    <failure type="org.testng.TestNGException" message="
Parameter &amp;apos;browser&amp;apos; is required by @Configuration on method OpenBrowser but has not been marked @Optional or defined
">
      <![CDATA[org.testng.TestNGException: 
Parameter 'browser' is required by @Configuration on method OpenBrowser but has not been marked @Optional or defined

	at TestClass.TestRunner.main(TestRunner.java:13)
... Removed 16 stack frames]]>
    </failure>
  </testcase> <!-- @BeforeTest OpenBrowser -->
  <testcase name="@BeforeMethod CreateReport" time="0.0" classname="TestClass.HeadLessBrowser_FlightTicketsSearch">
    <skipped/>
  </testcase> <!-- @BeforeMethod CreateReport -->
  <testcase name="@AfterMethod GetReportResult" time="0.0" classname="TestClass.HeadLessBrowser_FlightTicketsSearch">
    <skipped/>
  </testcase> <!-- @AfterMethod GetReportResult -->
  <testcase name="@AfterTest TearDownApplication" time="0.0" classname="TestClass.HeadLessBrowser_FlightTicketsSearch">
    <skipped/>
  </testcase> <!-- @AfterTest TearDownApplication -->
  <testcase name="SearchTickets" time="0.001" classname="TestClass.HeadLessBrowser_FlightTicketsSearch">
    <skipped/>
  </testcase> <!-- SearchTickets -->
</testsuite> <!-- Command line test -->
