<?xml version="1.0" encoding="UTF-8"?>
<!-- Generated by org.testng.reporters.JUnitXMLReporter -->
<testsuite hostname="RACD-002157" name="Headless test for flight tickets search" tests="1" failures="1" timestamp="7 Jun 2019 12:53:07 GMT" time="411.595" errors="0">
  <testcase name="SearchTickets" time="205.431" classname="TestClass.HeadLessBrowser_FlightTicketsSearch">
    <failure type="java.lang.AssertionError" message="Test case has been failed">
      <![CDATA[java.lang.AssertionError: Test case has been failed
	at TestClass.HeadLessBrowser_FlightTicketsSearch.SearchTickets(HeadLessBrowser_FlightTicketsSearch.java:37)
... Removed 25 stack frames]]>
    </failure>
  </testcase> <!-- SearchTickets -->
</testsuite> <!-- Headless test for flight tickets search -->
