<?xml version="1.0" encoding="UTF-8"?>
<!-- Generated by org.testng.reporters.JUnitReportReporter -->
<testsuite hostname="RACD-002157" name="TestClass.CrossBrowserTest_FlightTicketsSearch" tests="2" failures="0" timestamp="8 Jul 2019 07:12:58 GMT" time="141.235" errors="1">
  <testcase name="VerifySignUpLinkTest" time="0.407" classname="TestClass.CrossBrowserTest_FlightTicketsSearch">
    <error type="java.lang.AssertionError" message="failed due to sign up link button vissiblity expected [true] but found [false]">
      <![CDATA[java.lang.AssertionError: failed due to sign up link button vissiblity expected [true] but found [false]
	at org.testng.Assert.fail(Assert.java:94)
	at org.testng.Assert.failNotEquals(Assert.java:494)
	at org.testng.Assert.assertTrue(Assert.java:42)
	at TestClass.CrossBrowserTest_FlightTicketsSearch.VerifySignUpLinkTest(CrossBrowserTest_FlightTicketsSearch.java:72)
	at sun.reflect.NativeMethodAccessorImpl.invoke0(Native Method)
	at sun.reflect.NativeMethodAccessorImpl.invoke(NativeMethodAccessorImpl.java:62)
	at sun.reflect.DelegatingMethodAccessorImpl.invoke(DelegatingMethodAccessorImpl.java:43)
	at java.lang.reflect.Method.invoke(Method.java:498)
	at org.testng.internal.MethodInvocationHelper.invokeMethod(MethodInvocationHelper.java:80)
	at org.testng.internal.Invoker.invokeMethod(Invoker.java:714)
	at org.testng.internal.Invoker.invokeTestMethod(Invoker.java:901)
	at org.testng.internal.Invoker.invokeTestMethods(Invoker.java:1231)
	at org.testng.internal.TestMethodWorker.invokeTestMethods(TestMethodWorker.java:127)
	at org.testng.internal.TestMethodWorker.run(TestMethodWorker.java:111)
	at java.util.concurrent.ThreadPoolExecutor.runWorker(ThreadPoolExecutor.java:1149)
	at java.util.concurrent.ThreadPoolExecutor$Worker.run(ThreadPoolExecutor.java:624)
	at java.lang.Thread.run(Thread.java:748)
]]>
    </error>
  </testcase> <!-- VerifySignUpLinkTest -->
  <testcase name="SearchTickets" time="140.828" classname="TestClass.CrossBrowserTest_FlightTicketsSearch"/>
</testsuite> <!-- TestClass.CrossBrowserTest_FlightTicketsSearch -->
